Arguments: 
  /Users/jose/.nvm/versions/node/v15.11.0/bin/node /Users/jose/.nvm/versions/node/v15.11.0/bin/yarn install

PATH: 
  /Users/jose/.nvm/versions/node/v15.11.0/bin:/Users/jose/.rbenv/shims:/opt/homebrew/bin:/opt/homebrew/sbin:/usr/local/bin:/usr/bin:/bin:/usr/sbin:/sbin:/Library/Apple/usr/bin:/Users/jose/clients/canvas/templates/canvas-eslint/node_modules/.bin:/Users/jose/Library/Android/sdk/emulator:/Users/jose/Library/Android/sdk/tools:/Users/jose/Library/Android/sdk/tools/bin:/Users/jose/Library/Android/sdk/platform-tools

Yarn version: 
  1.22.10

Node version: 
  15.11.0

Platform: 
  darwin arm64

Trace: 
  SyntaxError: /Users/jose/clients/canvas/templates/canvas-eslint/package.json: Unexpected token } in JSON at position 588
      at JSON.parse (<anonymous>)
      at /Users/jose/.nvm/versions/node/v15.11.0/lib/node_modules/yarn/lib/cli.js:1625:59
      at Generator.next (<anonymous>)
      at step (/Users/jose/.nvm/versions/node/v15.11.0/lib/node_modules/yarn/lib/cli.js:310:30)
      at /Users/jose/.nvm/versions/node/v15.11.0/lib/node_modules/yarn/lib/cli.js:321:13

npm manifest: 
  {
    "name": "canvas-eslint",
    "version": "1.0.0",
    "description": "Eslint + Prettier web projects configurations.",
    "main": "index.js",
    "scripts": {
      "test": "echo \"Error: no test specified\" && exit 1"
    },
    "author": "canvas",
    "license": "ISC",
    "devDependencies": {
      "@typescript-eslint/eslint-plugin": "^4.27.0",
      "@typescript-eslint/parser": "^4.27.0",
      "eslint": "^7.28.0",
      "eslint-config-prettier": "^8.3.0",
      "eslint-plugin-import": "^2.23.4",
      "eslint-plugin-prettier": "^3.4.0",
      "eslint-plugin-react": "^7.24.0",
      "prettier": "^2.3.1",
    }
  }

yarn manifest: 
  No manifest

Lockfile: 
  No lockfile
